DATE
Tue Oct 16 18:27:34 UTC 2018
HOSTNAME
==================
mfedhpc1.mfedhpc.int
==================
DATE
Tue Oct 16 19:32:36 UTC 2018
HOSTNAME
==================
edge
==================
DATE
Tue Oct 16 20:37:44 UTC 2018
HOSTNAME
==================
node1.acg
==================
DATE
Tue Oct 16 21:42:50 UTC 2018
HOSTNAME
==================
node1.acg
==================
DATE
Tue Oct 16 22:47:57 UTC 2018
HOSTNAME
==================
mace1
==================
DATE
Tue Oct 16 23:53:03 UTC 2018
HOSTNAME
==================
mace1
==================
DATE
Wed Oct 17 00:58:11 UTC 2018
HOSTNAME
==================
mfedhpc1.mfedhpc.int
==================
DATE
Wed Oct 17 02:03:18 UTC 2018
HOSTNAME
==================
mace1
==================
DATE
Wed Oct 17 03:08:24 UTC 2018
HOSTNAME
==================
edge
==================
DATE
Wed Oct 17 04:13:31 UTC 2018
HOSTNAME
==================
edge
==================
DATE
Wed Oct 17 05:18:36 UTC 2018
HOSTNAME
==================
edge
==================
DATE
Wed Oct 17 06:23:44 UTC 2018
HOSTNAME
==================
node1.acg
==================
DATE
Wed Oct 17 07:28:50 UTC 2018
HOSTNAME
==================
mace1
==================
DATE
Wed Oct 17 08:33:57 UTC 2018
HOSTNAME
==================
node1.acg
==================
DATE
Wed Oct 17 09:39:04 UTC 2018
HOSTNAME
==================
mace1
==================
DATE
Wed Oct 17 10:44:11 UTC 2018
HOSTNAME
==================
mace1
==================
DATE
Wed Oct 17 11:49:18 UTC 2018
HOSTNAME
==================
mace1
==================
DATE
Wed Oct 17 12:54:25 UTC 2018
HOSTNAME
==================
node1.acg
==================
DATE
Wed Oct 17 13:59:32 UTC 2018
HOSTNAME
==================
node1.acg
==================
DATE
Wed Oct 17 15:04:38 UTC 2018
HOSTNAME
==================
edge
==================
DATE
Wed Oct 17 16:09:45 UTC 2018
HOSTNAME
==================
edge
==================
DATE
Wed Oct 17 17:14:52 UTC 2018
HOSTNAME
==================
mace1
==================
DATE
Wed Oct 17 18:19:58 UTC 2018
HOSTNAME
==================
mace1
==================
DATE
Wed Oct 17 19:25:04 UTC 2018
HOSTNAME
==================
edge
==================
DATE
Wed Oct 17 20:30:14 UTC 2018
HOSTNAME
==================
its-nefnode-1
==================
DATE
Wed Oct 17 21:35:22 UTC 2018
HOSTNAME
==================
its-nefnode-1
==================
DATE
Wed Oct 17 22:40:27 UTC 2018
HOSTNAME
==================
edge
==================
DATE
Wed Oct 17 23:45:35 UTC 2018
HOSTNAME
==================
mace1
==================
DATE
Thu Oct 18 00:50:40 UTC 2018
HOSTNAME
==================
edge
==================
DATE
Thu Oct 18 01:55:47 UTC 2018
HOSTNAME
==================
mace1
==================
DATE
Thu Oct 18 03:00:54 UTC 2018
HOSTNAME
==================
mace1
==================
Thu Oct 18 04:06:02 UTC 2018
HOSTNAME
==================
edge
==================
DATE
Thu Oct 18 05:11:10 UTC 2018
HOSTNAME
==================
edge
==================
DATE
Thu Oct 18 06:16:18 UTC 2018
HOSTNAME
==================
its-nefnode-1
==================
DATE
Thu Oct 18 07:21:23 UTC 2018
HOSTNAME
==================
edge
==================
DATE
Thu Oct 18 08:26:30 UTC 2018
HOSTNAME
==================
edge
==================
DATE
Thu Oct 18 09:31:36 UTC 2018
HOSTNAME
==================
edge
==================
DATE
Thu Oct 18 10:36:43 UTC 2018
HOSTNAME
==================
mace1
==================
DATE
Thu Oct 18 11:41:50 UTC 2018
HOSTNAME
==================
mfedhpc1.mfedhpc.int
==================
DATE
Thu Oct 18 12:46:56 UTC 2018
HOSTNAME
==================
mace1
==================
DATE
Thu Oct 18 13:52:03 UTC 2018
HOSTNAME
==================
mace1
==================
DATE
Thu Oct 18 14:57:10 UTC 2018
HOSTNAME
==================
mace1
==================
DATE
Thu Oct 18 16:02:18 UTC 2018
HOSTNAME
==================
mfedhpc1.mfedhpc.int
==================
DATE
Thu Oct 18 17:07:22 UTC 2018
HOSTNAME
==================
edge
==================
DATE
Thu Oct 18 18:12:29 UTC 2018
HOSTNAME
==================
edge
==================
DATE
Thu Oct 18 19:17:37 UTC 2018
HOSTNAME
==================
mace1
==================
Thu Oct 18 20:22:42 UTC 2018
HOSTNAME
==================
edge
==================
DATE
Thu Oct 18 21:27:50 UTC 2018
HOSTNAME
==================
mace1
==================
DATE
Thu Oct 18 22:33:55 UTC 2018
HOSTNAME
==================
mace1
==================
DATE
Thu Oct 18 23:40:00 UTC 2018
HOSTNAME
==================
mace1
==================
DATE
Fri Oct 19 00:46:05 UTC 2018
HOSTNAME
==================
mace1
==================
DATE
Fri Oct 19 01:52:10 UTC 2018
HOSTNAME
==================
mace1
==================
DATE
Fri Oct 19 02:58:14 UTC 2018
HOSTNAME
==================
mace1
==================
DATE
Fri Oct 19 04:04:18 UTC 2018
HOSTNAME
==================
mace1
==================
DATE
Fri Oct 19 05:10:23 UTC 2018
HOSTNAME
==================
mace1
==================
DATE
Fri Oct 19 06:16:27 UTC 2018
HOSTNAME
==================
mace1
==================
DATE
Fri Oct 19 07:22:31 UTC 2018
HOSTNAME
==================
mace1
==================
DATE
Fri Oct 19 08:28:36 UTC 2018
HOSTNAME
==================
mace1
==================
DATE
Fri Oct 19 09:34:41 UTC 2018
HOSTNAME
==================
mace1
==================
DATE
Fri Oct 19 10:40:46 UTC 2018
HOSTNAME
==================
mace1
==================
DATE
Fri Oct 19 11:46:51 UTC 2018
HOSTNAME
==================
mace1
==================
DATE
Fri Oct 19 12:52:54 UTC 2018
HOSTNAME
==================
mace1
==================
DATE
Fri Oct 19 13:58:59 UTC 2018
HOSTNAME
==================
mace1
==================
DATE
Fri Oct 19 15:05:04 UTC 2018
HOSTNAME
==================
mace1
==================
DATE
Fri Oct 19 16:11:08 UTC 2018
HOSTNAME
==================
mace1
==================
DATE
Fri Oct 19 17:12:43 UTC 2018
HOSTNAME
==================
mace1
==================
Fri Oct 19 18:13:18 UTC 2018
HOSTNAME
==================
edge
==================
DATE
Fri Oct 19 19:13:56 UTC 2018
HOSTNAME
==================
mace1
==================
DATE
Fri Oct 19 20:14:32 UTC 2018
HOSTNAME
==================
mace1
==================
DATE
Fri Oct 19 22:15:46 UTC 2018
HOSTNAME
==================
mace1
==================
DATE
Fri Oct 19 23:16:23 UTC 2018
HOSTNAME
==================
mfedhpc1.mfedhpc.int
==================
DATE
Sat Oct 20 01:17:34 UTC 2018
HOSTNAME
==================
edge
==================
DATE
Sat Oct 20 02:18:12 UTC 2018
HOSTNAME
==================
mace1
==================
Sat Oct 20 03:18:47 UTC 2018
HOSTNAME
==================
edge
==================
DATE
Sat Oct 20 04:19:25 UTC 2018
HOSTNAME
==================
mace1
==================
DATE
Sat Oct 20 05:20:01 UTC 2018
HOSTNAME
==================
edge
==================
DATE
Sat Oct 20 06:20:39 UTC 2018
HOSTNAME
==================
mace1
==================
DATE
Sat Oct 20 07:21:15 UTC 2018
HOSTNAME
==================
edge
==================
DATE
Sat Oct 20 08:21:52 UTC 2018
HOSTNAME
==================
edge
==================
DATE
Sat Oct 20 09:22:30 UTC 2018
HOSTNAME
==================
mace1
==================
DATE
Sat Oct 20 12:24:21 UTC 2018
HOSTNAME
==================
mace1
==================
Sat Oct 20 13:24:56 UTC 2018
HOSTNAME
==================
edge
==================
DATE
Sat Oct 20 14:25:34 UTC 2018
HOSTNAME
==================
mace1
==================
DATE
Sat Oct 20 15:26:09 UTC 2018
HOSTNAME
==================
edge
==================
DATE
Sat Oct 20 16:26:46 UTC 2018
HOSTNAME
==================
edge
==================
DATE
Sat Oct 20 17:27:25 UTC 2018
HOSTNAME
==================
mfedhpc1.mfedhpc.int
==================
DATE
Sat Oct 20 18:28:01 UTC 2018
HOSTNAME
==================
mfedhpc1.mfedhpc.int
==================
DATE
Sat Oct 20 19:28:36 UTC 2018
HOSTNAME
==================
edge
==================
DATE
Sat Oct 20 20:29:13 UTC 2018
HOSTNAME
==================
edge
==================
DATE
Sat Oct 20 21:29:52 UTC 2018
HOSTNAME
==================
mace1
==================
DATE
Sat Oct 20 22:30:28 UTC 2018
HOSTNAME
==================
mfedhpc1.mfedhpc.int
==================
DATE
Sat Oct 20 23:31:04 UTC 2018
HOSTNAME
==================
mace1
==================
DATE
Sun Oct 21 00:31:41 UTC 2018
HOSTNAME
==================
mace1
==================
DATE
Sun Oct 21 01:32:18 UTC 2018
HOSTNAME
==================
mace1
==================
DATE
Sun Oct 21 02:32:55 UTC 2018
HOSTNAME
==================
mace1
==================
DATE
Sun Oct 21 03:33:31 UTC 2018
HOSTNAME
==================
mace1
==================
DATE
Sun Oct 21 04:34:09 UTC 2018
HOSTNAME
==================
mace1
==================
DATE
Sun Oct 21 05:34:46 UTC 2018
HOSTNAME
==================
mace1
==================
Sun Oct 21 08:36:35 UTC 2018
HOSTNAME
==================
edge
==================
DATE
Sun Oct 21 09:37:14 UTC 2018
HOSTNAME
==================
mfedhpc1.mfedhpc.int
==================
DATE
Sun Oct 21 10:37:49 UTC 2018
HOSTNAME
==================
edge
==================
DATE
Sun Oct 21 12:39:04 UTC 2018
HOSTNAME
==================
mace1
==================
DATE
Sun Oct 21 13:39:41 UTC 2018
HOSTNAME
==================
mace1
==================
DATE
Sun Oct 21 14:40:19 UTC 2018
HOSTNAME
==================
mace1
==================
Sun Oct 21 15:40:54 UTC 2018
HOSTNAME
==================
edge
==================
DATE
Sun Oct 21 16:41:33 UTC 2018
HOSTNAME
==================
mfedhpc1.mfedhpc.int
==================
DATE
Sun Oct 21 17:42:09 UTC 2018
HOSTNAME
==================
mfedhpc1.mfedhpc.int
==================
DATE
Sun Oct 21 18:42:45 UTC 2018
HOSTNAME
==================
mace1
==================
DATE
Sun Oct 21 20:43:58 UTC 2018
HOSTNAME
==================
edge
==================
DATE
Sun Oct 21 21:44:36 UTC 2018
HOSTNAME
==================
mace1
==================
DATE
Sun Oct 21 22:45:13 UTC 2018
HOSTNAME
==================
mace1
==================
Sun Oct 21 23:45:49 UTC 2018
HOSTNAME
==================
edge
==================
DATE
Mon Oct 22 00:46:27 UTC 2018
HOSTNAME
==================
edge
==================
DATE
Mon Oct 22 01:47:05 UTC 2018
HOSTNAME
==================
mace1
==================
DATE
Mon Oct 22 02:47:41 UTC 2018
HOSTNAME
==================
mace1
==================
DATE
Mon Oct 22 03:48:20 UTC 2018
HOSTNAME
==================
mfedhpc1.mfedhpc.int
==================
DATE
Mon Oct 22 04:48:57 UTC 2018
HOSTNAME
==================
mace1
==================
DATE
Mon Oct 22 05:49:33 UTC 2018
HOSTNAME
==================
mace1
==================
DATE
Mon Oct 22 06:50:09 UTC 2018
HOSTNAME
==================
edge
==================
DATE
Mon Oct 22 07:50:46 UTC 2018
HOSTNAME
==================
mace1
==================
DATE
Mon Oct 22 08:51:23 UTC 2018
HOSTNAME
==================
mace1
==================
DATE
Mon Oct 22 09:51:59 UTC 2018
HOSTNAME
==================
mace1
==================
Mon Oct 22 10:52:35 UTC 2018
HOSTNAME
==================
edge
==================
DATE
Mon Oct 22 11:53:12 UTC 2018
HOSTNAME
==================
mace1
==================
Mon Oct 22 13:38:11 UTC 2018
HOSTNAME
==================
edge
==================
DATE
Mon Oct 22 14:18:16 UTC 2018
HOSTNAME
==================
mace2
==================
DATE
Mon Oct 22 14:38:32 UTC 2018
HOSTNAME
==================
mfedhpc3.mfedhpc.int
==================
DATE
Mon Oct 22 15:18:22 UTC 2018
HOSTNAME
==================
mace1
==================
DATE
Mon Oct 22 15:51:14 UTC 2018
HOSTNAME
==================
mace1
==================
DATE
Mon Oct 22 16:31:48 UTC 2018
HOSTNAME
==================
mace2
==================
DATE
Mon Oct 22 17:14:50 UTC 2018
HOSTNAME
==================
mace2
==================
DATE
Mon Oct 22 17:37:51 UTC 2018
HOSTNAME
==================
mace2
==================
DATE
Mon Oct 22 17:49:20 UTC 2018
HOSTNAME
==================
mfedhpc2.mfedhpc.int
==================
DATE
Mon Oct 22 21:43:17 UTC 2018
HOSTNAME
==================
mace2
==================
DATE
Tue Oct 23 00:44:48 UTC 2018
HOSTNAME
==================
mace2
==================
DATE
Tue Oct 23 04:07:21 UTC 2018
HOSTNAME
==================
mace2
==================
DATE
Tue Oct 23 04:51:52 UTC 2018
HOSTNAME
==================
mace2
==================
DATE
Tue Oct 23 07:21:54 UTC 2018
HOSTNAME
==================
mace2
==================
Tue Oct 23 09:10:34 UTC 2018
HOSTNAME
==================
edge
==================
DATE
Tue Oct 23 12:29:28 UTC 2018
HOSTNAME
==================
mace2
==================
Tue Oct 23 14:51:56 UTC 2018
HOSTNAME
==================
edge
==================
DATE
Tue Oct 23 17:13:29 UTC 2018
HOSTNAME
==================
edge
==================
DATE
Tue Oct 23 18:04:39 UTC 2018
HOSTNAME
==================
edge
==================
DATE
Tue Oct 23 19:53:30 UTC 2018
HOSTNAME
==================
mace1
==================
DATE
Tue Oct 23 20:56:27 UTC 2018
HOSTNAME
==================
mace1
==================
DATE
Tue Oct 23 21:03:55 UTC 2018
HOSTNAME
==================
gcloud-compute1
==================
DATE
Tue Oct 23 21:53:54 UTC 2018
HOSTNAME
==================
gcloud-compute2
==================
DATE
Tue Oct 23 22:09:22 UTC 2018
HOSTNAME
==================
mace1
==================
DATE
Tue Oct 23 22:20:34 UTC 2018
HOSTNAME
==================
gcloud-compute2
==================
DATE
Tue Oct 23 22:25:05 UTC 2018
HOSTNAME
==================
mace1
==================
DATE
Tue Oct 23 22:40:11 UTC 2018
HOSTNAME
==================
gcloud-compute1
==================
DATE
Tue Oct 23 22:43:10 UTC 2018
HOSTNAME
==================
mace2
==================
DATE
Tue Oct 23 22:52:04 UTC 2018
HOSTNAME
==================
gcloud-compute2
==================
DATE
Tue Oct 23 23:01:17 UTC 2018
HOSTNAME
==================
gcloud-compute1
==================
DATE
Tue Oct 23 23:12:19 UTC 2018
HOSTNAME
==================
mace1
==================
DATE
Tue Oct 23 23:27:45 UTC 2018
HOSTNAME
==================
gcloud-compute1
==================
DATE
Tue Oct 23 23:27:47 UTC 2018
HOSTNAME
==================
mace1
==================
DATE
Tue Oct 23 23:36:59 UTC 2018
HOSTNAME
==================
mace1
==================
DATE
Tue Oct 23 23:52:32 UTC 2018
HOSTNAME
==================
mace1
==================
DATE
Tue Oct 23 23:55:50 UTC 2018
HOSTNAME
==================
mace2
==================
DATE
Wed Oct 24 00:05:55 UTC 2018
HOSTNAME
==================
gcloud-compute1
==================
DATE
Wed Oct 24 00:08:01 UTC 2018
HOSTNAME
==================
mace1
==================
DATE
Wed Oct 24 00:10:51 UTC 2018
HOSTNAME
==================
mace1
==================
Wed Oct 24 00:16:06 UTC 2018
HOSTNAME
==================
edge
==================
DATE
Wed Oct 24 00:27:08 UTC 2018
HOSTNAME
==================
gcloud-compute1
==================
DATE
Wed Oct 24 00:42:32 UTC 2018
HOSTNAME
==================
edge
==================
DATE
Wed Oct 24 00:50:02 UTC 2018
HOSTNAME
==================
edge
==================
DATE
Wed Oct 24 01:06:15 UTC 2018
HOSTNAME
==================
gcloud-compute1
==================
DATE
Wed Oct 24 01:10:07 UTC 2018
HOSTNAME
==================
edge
==================
DATE
Wed Oct 24 01:36:00 UTC 2018
HOSTNAME
==================
gcloud-compute1
==================
DATE
Wed Oct 24 01:36:02 UTC 2018
HOSTNAME
==================
mace1
==================
DATE
Wed Oct 24 01:49:51 UTC 2018
HOSTNAME
==================
gcloud-compute2
==================
DATE
Wed Oct 24 01:52:54 UTC 2018
HOSTNAME
==================
mace2
==================
DATE
Wed Oct 24 01:57:55 UTC 2018
HOSTNAME
==================
mace1
==================
DATE
Wed Oct 24 02:02:13 UTC 2018
HOSTNAME
==================
mace2
==================
DATE
Wed Oct 24 02:10:59 UTC 2018
HOSTNAME
==================
gcloud-compute2
==================
DATE
Wed Oct 24 02:19:47 UTC 2018
HOSTNAME
==================
mace1
==================
DATE
Wed Oct 24 02:22:39 UTC 2018
HOSTNAME
==================
mace1
==================
DATE
Wed Oct 24 02:23:04 UTC 2018
HOSTNAME
==================
gcloud-compute1
==================
DATE
Wed Oct 24 02:38:04 UTC 2018
HOSTNAME
==================
mace1
==================
DATE
Wed Oct 24 02:42:57 UTC 2018
HOSTNAME
==================
mace2
==================
DATE
Wed Oct 24 03:06:19 UTC 2018
HOSTNAME
==================
mace1
==================
DATE
Wed Oct 24 03:21:52 UTC 2018
HOSTNAME
==================
mace1
==================
DATE
Wed Oct 24 03:24:05 UTC 2018
HOSTNAME
==================
edge
==================
DATE
Wed Oct 24 03:24:54 UTC 2018
HOSTNAME
==================
mace1
==================
Wed Oct 24 03:31:12 UTC 2018
HOSTNAME
==================
edge
==================
DATE
Wed Oct 24 03:33:16 UTC 2018
HOSTNAME
==================
gcloud-compute1
==================
DATE
Wed Oct 24 03:51:21 UTC 2018
HOSTNAME
==================
edge
==================
DATE
Wed Oct 24 04:01:56 UTC 2018
HOSTNAME
==================
mace2
==================
DATE
Wed Oct 24 04:06:15 UTC 2018
HOSTNAME
==================
gcloud-compute2
==================
DATE
Wed Oct 24 04:12:45 UTC 2018
HOSTNAME
==================
gcloud-compute1
==================
DATE
Wed Oct 24 04:17:36 UTC 2018
HOSTNAME
==================
mace2
==================
Wed Oct 24 04:43:07 UTC 2018
HOSTNAME
==================
edge
==================
DATE
Wed Oct 24 05:02:47 UTC 2018
HOSTNAME
==================
mace1
==================
Wed Oct 24 05:15:52 UTC 2018
HOSTNAME
==================
edge
==================
DATE
Wed Oct 24 05:30:28 UTC 2018
HOSTNAME
==================
mace2
==================
Wed Oct 24 05:35:57 UTC 2018
HOSTNAME
==================
edge
==================
DATE
Wed Oct 24 05:43:38 UTC 2018
HOSTNAME
==================
mace1
==================
Wed Oct 24 05:56:03 UTC 2018
HOSTNAME
==================
edge
==================
DATE
Wed Oct 24 06:16:09 UTC 2018
HOSTNAME
==================
edge
==================
DATE
Wed Oct 24 06:42:33 UTC 2018
HOSTNAME
==================
edge
==================
DATE
Wed Oct 24 06:49:32 UTC 2018
HOSTNAME
==================
mace2
==================
DATE
Wed Oct 24 06:52:29 UTC 2018
HOSTNAME
==================
mace2
==================
Wed Oct 24 06:56:19 UTC 2018
HOSTNAME
==================
edge
==================
DATE
Wed Oct 24 07:14:29 UTC 2018
HOSTNAME
==================
mace2
==================
Wed Oct 24 07:29:03 UTC 2018
HOSTNAME
==================
edge
==================
DATE
Wed Oct 24 07:49:08 UTC 2018
HOSTNAME
==================
mace2
==================
DATE
Wed Oct 24 08:08:07 UTC 2018
HOSTNAME
==================
edge
==================
DATE
Wed Oct 24 08:21:53 UTC 2018
HOSTNAME
==================
edge
==================
DATE
Wed Oct 24 08:35:38 UTC 2018
HOSTNAME
==================
edge
==================
DATE
Wed Oct 24 08:50:08 UTC 2018
HOSTNAME
==================
mace1
==================
DATE
Wed Oct 24 09:05:45 UTC 2018
HOSTNAME
==================
mace1
==================
DATE
Wed Oct 24 09:20:47 UTC 2018
HOSTNAME
==================
mace2
==================
Wed Oct 24 09:27:26 UTC 2018
HOSTNAME
==================
edge
==================
DATE
Wed Oct 24 09:47:31 UTC 2018
HOSTNAME
==================
edge
==================
DATE
Wed Oct 24 10:01:45 UTC 2018
HOSTNAME
==================
mace2
==================
Wed Oct 24 10:26:35 UTC 2018
HOSTNAME
==================
edge
==================
DATE
Wed Oct 24 10:50:01 UTC 2018
HOSTNAME
==================
mace1
==================
DATE
Wed Oct 24 10:55:24 UTC 2018
HOSTNAME
==================
mace2
==================
DATE
Wed Oct 24 11:17:22 UTC 2018
HOSTNAME
==================
mace2
==================
DATE
Wed Oct 24 11:18:22 UTC 2018
HOSTNAME
==================
edge
==================
DATE
Wed Oct 24 11:37:12 UTC 2018
HOSTNAME
==================
mace1
==================
DATE
Wed Oct 24 11:58:55 UTC 2018
HOSTNAME
==================
mace2
==================
DATE
Wed Oct 24 12:24:30 UTC 2018
HOSTNAME
==================
mace1
==================
Wed Oct 24 12:30:10 UTC 2018
HOSTNAME
==================
edge
==================
DATE
Wed Oct 24 12:43:56 UTC 2018
HOSTNAME
==================
edge
==================
DATE
Wed Oct 24 13:05:28 UTC 2018
HOSTNAME
==================
mace1
==================
DATE
Wed Oct 24 13:08:16 UTC 2018
HOSTNAME
==================
mace1
==================
DATE
Wed Oct 24 13:11:52 UTC 2018
HOSTNAME
==================
mace2
==================
DATE
Wed Oct 24 13:23:46 UTC 2018
HOSTNAME
==================
mace1
==================
DATE
Wed Oct 24 13:40:11 UTC 2018
HOSTNAME
==================
mace2
==================
DATE
Wed Oct 24 13:43:14 UTC 2018
HOSTNAME
==================
mace2
==================
DATE
Wed Oct 24 13:51:55 UTC 2018
HOSTNAME
==================
mace1
==================
DATE
Wed Oct 24 14:07:24 UTC 2018
HOSTNAME
==================
mace1
==================
DATE
Wed Oct 24 14:35:31 UTC 2018
HOSTNAME
==================
mace1
==================
DATE
Wed Oct 24 14:57:21 UTC 2018
HOSTNAME
==================
mace1
==================
DATE
Wed Oct 24 15:10:30 UTC 2018
HOSTNAME
==================
edge
==================
DATE
Wed Oct 24 15:12:50 UTC 2018
HOSTNAME
==================
mace1
==================
Wed Oct 24 15:30:35 UTC 2018
HOSTNAME
==================
edge
==================
DATE
Wed Oct 24 15:52:52 UTC 2018
HOSTNAME
==================
mace2
==================
DATE
Wed Oct 24 16:06:18 UTC 2018
HOSTNAME
==================
mace1
==================
DATE
Wed Oct 24 16:14:51 UTC 2018
HOSTNAME
==================
mace2
==================
DATE
Wed Oct 24 16:36:52 UTC 2018
HOSTNAME
==================
mace2
==================
DATE
Wed Oct 24 16:46:16 UTC 2018
HOSTNAME
==================
mace2
==================
DATE
Wed Oct 24 16:59:50 UTC 2018
HOSTNAME
==================
mace1
==================
Wed Oct 24 17:06:34 UTC 2018
HOSTNAME
==================
edge
==================
DATE
Wed Oct 24 17:14:01 UTC 2018
HOSTNAME
==================
edge
==================
DATE
Wed Oct 24 17:23:52 UTC 2018
HOSTNAME
==================
mfedhpc3.mfedhpc.int
==================
DATE
Wed Oct 24 17:27:46 UTC 2018
HOSTNAME
==================
edge
==================
DATE
Wed Oct 24 17:40:52 UTC 2018
HOSTNAME
==================
mace1
==================
DATE
Wed Oct 24 17:41:32 UTC 2018
HOSTNAME
==================
edge
==================
DATE
Wed Oct 24 17:55:25 UTC 2018
HOSTNAME
==================
edge
==================
DATE
Wed Oct 24 17:56:31 UTC 2018
HOSTNAME
==================
edge
==================
DATE
Wed Oct 24 18:00:42 UTC 2018
HOSTNAME
==================
mfedhpc2.mfedhpc.int
==================
DATE
Wed Oct 24 18:10:18 UTC 2018
HOSTNAME
==================
edge
==================
DATE
Wed Oct 24 18:22:37 UTC 2018
HOSTNAME
==================
mfedhpc2.mfedhpc.int
==================
DATE
Wed Oct 24 18:33:50 UTC 2018
HOSTNAME
==================
mace1
==================
DATE
Wed Oct 24 19:28:03 UTC 2018
HOSTNAME
==================
mace1
==================
DATE
Wed Oct 24 19:43:35 UTC 2018
HOSTNAME
==================
mace1
==================
Wed Oct 24 19:53:30 UTC 2018
HOSTNAME
==================
edge
==================
DATE
Wed Oct 24 19:59:10 UTC 2018
HOSTNAME
==================
mace1
==================
Wed Oct 24 20:28:52 UTC 2018
HOSTNAME
==================
edge
==================
DATE
Wed Oct 24 20:42:38 UTC 2018
HOSTNAME
==================
edge
==================
DATE
Wed Oct 24 20:56:24 UTC 2018
HOSTNAME
==================
edge
==================
DATE
Wed Oct 24 21:13:14 UTC 2018
HOSTNAME
==================
mace1
==================
DATE
Wed Oct 24 21:29:44 UTC 2018
HOSTNAME
==================
mace1
==================
DATE
Wed Oct 24 21:38:56 UTC 2018
HOSTNAME
==================
mace1
==================
Wed Oct 24 21:55:01 UTC 2018
HOSTNAME
==================
edge
==================
DATE
Wed Oct 24 22:07:05 UTC 2018
HOSTNAME
==================
mace1
==================
DATE
Wed Oct 24 22:30:36 UTC 2018
HOSTNAME
==================
mace1
==================
Wed Oct 24 22:37:09 UTC 2018
HOSTNAME
==================
edge
==================
DATE
Wed Oct 24 22:43:16 UTC 2018
HOSTNAME
==================
mace2
==================
Wed Oct 24 22:50:55 UTC 2018
HOSTNAME
==================
edge
==================
DATE
Wed Oct 24 23:31:25 UTC 2018
HOSTNAME
==================
edge
==================
DATE
Wed Oct 24 23:38:51 UTC 2018
HOSTNAME
==================
edge
==================
DATE
Wed Oct 24 23:50:26 UTC 2018
HOSTNAME
==================
mace2
==================
Wed Oct 24 23:58:56 UTC 2018
HOSTNAME
==================
edge
==================
DATE
Thu Oct 25 00:32:16 UTC 2018
HOSTNAME
==================
mace1
==================
DATE
Thu Oct 25 00:36:01 UTC 2018
HOSTNAME
==================
mace1
==================
DATE
Thu Oct 25 00:45:10 UTC 2018
HOSTNAME
==================
mace1
==================
DATE
Thu Oct 25 00:51:16 UTC 2018
HOSTNAME
==================
mace2
==================
DATE
Thu Oct 25 01:33:06 UTC 2018
HOSTNAME
==================
mace1
==================
DATE
Thu Oct 25 01:48:43 UTC 2018
HOSTNAME
==================
mace1
==================
DATE
Thu Oct 25 01:52:06 UTC 2018
HOSTNAME
==================
mace2
==================
Thu Oct 25 02:04:42 UTC 2018
HOSTNAME
==================
edge
==================
DATE
Thu Oct 25 02:33:54 UTC 2018
HOSTNAME
==================
edge
==================
DATE
Thu Oct 25 02:47:41 UTC 2018
HOSTNAME
==================
edge
==================
DATE
Thu Oct 25 03:01:27 UTC 2018
HOSTNAME
==================
edge
==================
DATE
Thu Oct 25 03:11:56 UTC 2018
HOSTNAME
==================
mace2
==================
Thu Oct 25 03:34:46 UTC 2018
HOSTNAME
==================
edge
==================
DATE
Thu Oct 25 03:41:08 UTC 2018
HOSTNAME
==================
mace1
==================
Thu Oct 25 03:48:33 UTC 2018
HOSTNAME
==================
edge
==================
DATE
Thu Oct 25 04:02:19 UTC 2018
HOSTNAME
==================
edge
==================
DATE
Thu Oct 25 04:35:40 UTC 2018
HOSTNAME
==================
edge
==================
DATE
Thu Oct 25 04:42:02 UTC 2018
HOSTNAME
==================
mace1
==================
Thu Oct 25 04:49:25 UTC 2018
HOSTNAME
==================
edge
==================
DATE
Thu Oct 25 04:56:52 UTC 2018
HOSTNAME
==================
edge
==================
DATE
Thu Oct 25 05:36:47 UTC 2018
HOSTNAME
==================
edge
==================
DATE
Thu Oct 25 05:49:29 UTC 2018
HOSTNAME
==================
mace2
==================
DATE
Thu Oct 25 05:52:34 UTC 2018
HOSTNAME
==================
mace2
==================
DATE
Thu Oct 25 06:08:13 UTC 2018
HOSTNAME
==================
mace2
==================
Thu Oct 25 06:37:56 UTC 2018
HOSTNAME
==================
edge
==================
DATE
Thu Oct 25 06:50:39 UTC 2018
HOSTNAME
==================
mace1
==================
DATE
Thu Oct 25 06:53:28 UTC 2018
HOSTNAME
==================
mace1
==================
Thu Oct 25 06:58:04 UTC 2018
HOSTNAME
==================
edge
==================
DATE
Thu Oct 25 07:39:08 UTC 2018
HOSTNAME
==================
mace1
==================
Thu Oct 25 07:51:45 UTC 2018
HOSTNAME
==================
edge
==================
DATE
Thu Oct 25 07:59:11 UTC 2018
HOSTNAME
==================
edge
==================
DATE
Thu Oct 25 08:12:57 UTC 2018
HOSTNAME
==================
edge
==================
DATE
Thu Oct 25 08:40:01 UTC 2018
HOSTNAME
==================
edge
==================
DATE
Thu Oct 25 08:47:27 UTC 2018
HOSTNAME
==================
edge
==================
DATE
Thu Oct 25 08:59:02 UTC 2018
HOSTNAME
==================
mace1
==================
DATE
Thu Oct 25 09:11:42 UTC 2018
HOSTNAME
==================
mace2
==================
Thu Oct 25 09:40:54 UTC 2018
HOSTNAME
==================
edge
==================
DATE
Thu Oct 25 09:47:16 UTC 2018
HOSTNAME
==================
mace2
==================
Thu Oct 25 10:01:00 UTC 2018
HOSTNAME
==================
edge
==================
DATE
Thu Oct 25 10:09:19 UTC 2018
HOSTNAME
==================
mace2
==================
DATE
Thu Oct 25 10:41:50 UTC 2018
HOSTNAME
==================
mace1
==================
DATE
Thu Oct 25 10:48:10 UTC 2018
HOSTNAME
==================
mace2
==================
DATE
Thu Oct 25 10:57:30 UTC 2018
HOSTNAME
==================
mace2
==================
DATE
Thu Oct 25 11:06:48 UTC 2018
HOSTNAME
==================
mace2
==================
Thu Oct 25 11:42:44 UTC 2018
HOSTNAME
==================
edge
==================
DATE
Thu Oct 25 11:49:05 UTC 2018
HOSTNAME
==================
mace1
==================
DATE
Thu Oct 25 12:04:38 UTC 2018
HOSTNAME
==================
mace1
==================
DATE
Thu Oct 25 12:14:26 UTC 2018
HOSTNAME
==================
mace2
==================
DATE
Thu Oct 25 12:43:40 UTC 2018
HOSTNAME
==================
mace1
==================
Thu Oct 25 12:56:18 UTC 2018
HOSTNAME
==================
edge
==================
DATE
Thu Oct 25 13:03:46 UTC 2018
HOSTNAME
==================
edge
==================
DATE
Thu Oct 25 13:05:29 UTC 2018
HOSTNAME
==================
mace1
==================
DATE
Thu Oct 25 13:44:34 UTC 2018
HOSTNAME
==================
mace1
==================
DATE
Thu Oct 25 13:57:15 UTC 2018
HOSTNAME
==================
mace2
==================
DATE
Thu Oct 25 14:16:11 UTC 2018
HOSTNAME
==================
edge
==================
DATE
Thu Oct 25 14:29:57 UTC 2018
HOSTNAME
==================
edge
==================
DATE
Thu Oct 25 14:45:28 UTC 2018
HOSTNAME
==================
edge
==================
DATE
Thu Oct 25 14:59:14 UTC 2018
HOSTNAME
==================
edge
==================
DATE
Thu Oct 25 15:13:00 UTC 2018
HOSTNAME
==================
edge
==================
DATE
Thu Oct 25 15:20:26 UTC 2018
HOSTNAME
==================
edge
==================
DATE
Thu Oct 25 15:34:12 UTC 2018
HOSTNAME
==================
edge
==================
DATE
Thu Oct 25 15:46:25 UTC 2018
HOSTNAME
==================
mace1
==================
DATE
Thu Oct 25 15:59:05 UTC 2018
HOSTNAME
==================
mace2
==================
DATE
Thu Oct 25 16:02:08 UTC 2018
HOSTNAME
==================
mace2
==================
DATE
Thu Oct 25 16:11:27 UTC 2018
HOSTNAME
==================
mace2
==================
Thu Oct 25 16:47:25 UTC 2018
HOSTNAME
==================
edge
==================
DATE
Thu Oct 25 17:00:06 UTC 2018
HOSTNAME
==================
mace1
==================
DATE
Thu Oct 25 17:09:19 UTC 2018
HOSTNAME
==================
mace1
==================
Thu Oct 25 17:20:09 UTC 2018
HOSTNAME
==================
edge
==================
DATE
Thu Oct 25 17:48:20 UTC 2018
HOSTNAME
==================
edge
==================
DATE
Thu Oct 25 18:01:01 UTC 2018
HOSTNAME
==================
mace1
==================
DATE
Thu Oct 25 18:13:42 UTC 2018
HOSTNAME
==================
mace2
==================
Thu Oct 25 18:21:04 UTC 2018
HOSTNAME
==================
edge
==================
DATE
Thu Oct 25 18:49:15 UTC 2018
HOSTNAME
==================
edge
==================
DATE
Thu Oct 25 18:50:22 UTC 2018
HOSTNAME
==================
edge
==================
DATE
Thu Oct 25 19:08:16 UTC 2018
HOSTNAME
==================
mace2
==================
DATE
Thu Oct 25 19:14:37 UTC 2018
HOSTNAME
==================
mace1
==================
DATE
Thu Oct 25 19:50:11 UTC 2018
HOSTNAME
==================
mace1
==================
DATE
Thu Oct 25 20:09:11 UTC 2018
HOSTNAME
==================
mace2
==================
DATE
Thu Oct 25 20:12:09 UTC 2018
HOSTNAME
==================
mace2
==================
DATE
Thu Oct 25 20:18:20 UTC 2018
HOSTNAME
==================
mace1
==================
Thu Oct 25 20:51:05 UTC 2018
HOSTNAME
==================
edge
==================
DATE
Thu Oct 25 20:52:12 UTC 2018
HOSTNAME
==================
edge
==================
DATE
Thu Oct 25 21:10:07 UTC 2018
HOSTNAME
==================
mace2
==================
DATE
Thu Oct 25 21:19:25 UTC 2018
HOSTNAME
==================
mace2
==================
DATE
Thu Oct 25 21:52:03 UTC 2018
HOSTNAME
==================
mace1
==================
Thu Oct 25 21:58:21 UTC 2018
HOSTNAME
==================
edge
==================
DATE
Thu Oct 25 22:04:43 UTC 2018
HOSTNAME
==================
mace2
==================
DATE
Thu Oct 25 22:13:54 UTC 2018
HOSTNAME
==================
mace1
==================
Thu Oct 25 22:52:56 UTC 2018
HOSTNAME
==================
edge
==================
DATE
Thu Oct 25 22:54:03 UTC 2018
HOSTNAME
==================
edge
==================
DATE
Thu Oct 25 23:05:38 UTC 2018
HOSTNAME
==================
mace2
==================
Thu Oct 25 23:14:10 UTC 2018
HOSTNAME
==================
edge
==================
DATE
Thu Oct 25 23:53:52 UTC 2018
HOSTNAME
==================
edge
==================
DATE
Fri Oct 26 00:06:33 UTC 2018
HOSTNAME
==================
mace1
==================
DATE
Fri Oct 26 00:13:57 UTC 2018
HOSTNAME
==================
edge
==================
DATE
Fri Oct 26 00:21:24 UTC 2018
HOSTNAME
==================
edge
==================
DATE
Fri Oct 26 00:54:49 UTC 2018
HOSTNAME
==================
mace1
==================
Fri Oct 26 01:13:47 UTC 2018
HOSTNAME
==================
edge
==================
DATE
Fri Oct 26 01:26:29 UTC 2018
HOSTNAME
==================
mace2
==================
Fri Oct 26 01:46:31 UTC 2018
HOSTNAME
==================
edge
==================
DATE
Fri Oct 26 02:01:08 UTC 2018
HOSTNAME
==================
mace2
==================
DATE
Fri Oct 26 02:20:03 UTC 2018
HOSTNAME
==================
mace1
==================
DATE
Fri Oct 26 02:23:07 UTC 2018
HOSTNAME
==================
mace2
==================
DATE
Fri Oct 26 02:38:46 UTC 2018
HOSTNAME
==================
mace2
==================
DATE
Fri Oct 26 02:56:23 UTC 2018
HOSTNAME
==================
mace1
==================
DATE
Fri Oct 26 03:02:44 UTC 2018
HOSTNAME
==================
mace2
==================
Fri Oct 26 03:15:21 UTC 2018
HOSTNAME
==================
edge
==================
DATE
Fri Oct 26 03:24:42 UTC 2018
HOSTNAME
==================
mace2
==================
DATE
Fri Oct 26 03:57:08 UTC 2018
HOSTNAME
==================
mace1
==================
DATE
Fri Oct 26 04:16:06 UTC 2018
HOSTNAME
==================
edge
==================
DATE
Fri Oct 26 04:17:13 UTC 2018
HOSTNAME
==================
edge
==================
DATE
Fri Oct 26 04:31:00 UTC 2018
HOSTNAME
==================
edge
==================
DATE
Fri Oct 26 04:57:54 UTC 2018
HOSTNAME
==================
mace1
==================
Fri Oct 26 05:10:32 UTC 2018
HOSTNAME
==================
edge
==================
DATE
Fri Oct 26 05:11:39 UTC 2018
HOSTNAME
==================
edge
==================
DATE
Fri Oct 26 05:25:26 UTC 2018
HOSTNAME
==================
edge
==================
DATE
Fri Oct 26 05:58:39 UTC 2018
HOSTNAME
==================
mace1
==================
Fri Oct 26 06:17:37 UTC 2018
HOSTNAME
==================
edge
==================
DATE
Fri Oct 26 06:18:44 UTC 2018
HOSTNAME
==================
edge
==================
DATE
Fri Oct 26 06:38:50 UTC 2018
HOSTNAME
==================
edge
==================
DATE
Fri Oct 26 06:59:24 UTC 2018
HOSTNAME
==================
mace1
==================
DATE
Fri Oct 26 07:02:13 UTC 2018
HOSTNAME
==================
mace1
==================
DATE
Fri Oct 26 07:24:03 UTC 2018
HOSTNAME
==================
mace1
==================
DATE
Fri Oct 26 07:39:34 UTC 2018
HOSTNAME
==================
mace1
==================
DATE
Fri Oct 26 08:00:09 UTC 2018
HOSTNAME
==================
mace1
==================
DATE
Fri Oct 26 08:12:50 UTC 2018
HOSTNAME
==================
mace2
==================
DATE
Fri Oct 26 08:34:39 UTC 2018
HOSTNAME
==================
mace1
==================
DATE
Fri Oct 26 08:50:04 UTC 2018
HOSTNAME
==================
mace1
==================
DATE
Fri Oct 26 09:09:42 UTC 2018
HOSTNAME
==================
edge
==================
DATE
Fri Oct 26 09:29:48 UTC 2018
HOSTNAME
==================
edge
==================
DATE
Fri Oct 26 09:43:33 UTC 2018
HOSTNAME
==================
mace1
==================
DATE
Fri Oct 26 09:44:30 UTC 2018
HOSTNAME
==================
mace2
==================
DATE
Fri Oct 26 10:01:41 UTC 2018
HOSTNAME
==================
mace2
==================
DATE
Fri Oct 26 10:11:48 UTC 2018
HOSTNAME
==================
mace1
==================
DATE
Fri Oct 26 10:33:36 UTC 2018
HOSTNAME
==================
mace1
==================
DATE
Fri Oct 26 10:36:26 UTC 2018
HOSTNAME
==================
mace1
==================
DATE
Fri Oct 26 11:02:26 UTC 2018
HOSTNAME
==================
mace1
==================
Fri Oct 26 11:15:04 UTC 2018
HOSTNAME
==================
edge
==================
DATE
Fri Oct 26 11:24:18 UTC 2018
HOSTNAME
==================
mace1
==================
DATE
Fri Oct 26 11:33:31 UTC 2018
HOSTNAME
==================
mace1
==================
DATE
Fri Oct 26 12:03:10 UTC 2018
HOSTNAME
==================
edge
==================
DATE
Fri Oct 26 12:04:54 UTC 2018
HOSTNAME
==================
edge
==================
DATE
Fri Oct 26 12:22:12 UTC 2018
HOSTNAME
==================
mace1
==================
DATE
Fri Oct 26 12:34:52 UTC 2018
HOSTNAME
==================
mace2
==================
DATE
Fri Oct 26 13:03:55 UTC 2018
HOSTNAME
==================
edge
==================
DATE
Fri Oct 26 13:05:48 UTC 2018
HOSTNAME
==================
edge
==================
DATE
Fri Oct 26 13:13:14 UTC 2018
HOSTNAME
==================
edge
==================
DATE
Fri Oct 26 13:24:49 UTC 2018
HOSTNAME
==================
mace2
==================
Fri Oct 26 14:04:41 UTC 2018
HOSTNAME
==================
edge
==================
DATE
Fri Oct 26 14:06:45 UTC 2018
HOSTNAME
==================
mace2
==================
DATE
Fri Oct 26 14:17:22 UTC 2018
HOSTNAME
==================
mace1
==================
DATE
Fri Oct 26 14:21:32 UTC 2018
HOSTNAME
==================
mace1
==================
DATE
Fri Oct 26 15:05:26 UTC 2018
HOSTNAME
==================
mace1
==================
Fri Oct 26 15:11:45 UTC 2018
HOSTNAME
==================
edge
==================
DATE
Fri Oct 26 15:19:11 UTC 2018
HOSTNAME
==================
edge
==================
DATE
Fri Oct 26 15:27:16 UTC 2018
HOSTNAME
==================
mace1
==================
Fri Oct 26 16:06:11 UTC 2018
HOSTNAME
==================
edge
==================
DATE
Fri Oct 26 16:08:33 UTC 2018
HOSTNAME
==================
edge
==================
DATE
Fri Oct 26 16:16:00 UTC 2018
HOSTNAME
==================
edge
==================
DATE
Fri Oct 26 16:29:46 UTC 2018
HOSTNAME
==================
edge
==================
DATE
Fri Oct 26 17:06:57 UTC 2018
HOSTNAME
==================
mace1
==================
Fri Oct 26 17:13:16 UTC 2018
HOSTNAME
==================
edge
==================
DATE
Fri Oct 26 17:16:47 UTC 2018
HOSTNAME
==================
mace1
==================
DATE
Fri Oct 26 17:32:15 UTC 2018
HOSTNAME
==================
mace1
==================
Fri Oct 26 18:07:42 UTC 2018
HOSTNAME
==================
edge
==================
DATE
Fri Oct 26 18:10:25 UTC 2018
HOSTNAME
==================
edge
==================
DATE
Fri Oct 26 18:26:43 UTC 2018
HOSTNAME
==================
mace2
==================
Fri Oct 26 18:43:09 UTC 2018
HOSTNAME
==================
edge
==================
DATE
Fri Oct 26 18:52:03 UTC 2018
HOSTNAME
==================
mace1
==================
DATE
Fri Oct 26 19:08:28 UTC 2018
HOSTNAME
==================
mace1
==================
DATE
Fri Oct 26 19:14:47 UTC 2018
HOSTNAME
==================
edge
==================
DATE
Fri Oct 26 19:22:14 UTC 2018
HOSTNAME
==================
edge
==================
DATE
Fri Oct 26 19:27:28 UTC 2018
HOSTNAME
==================
mace2
==================
DATE
Fri Oct 26 20:09:12 UTC 2018
HOSTNAME
==================
edge
==================
DATE
Fri Oct 26 20:12:16 UTC 2018
HOSTNAME
==================
edge
==================
DATE
Fri Oct 26 20:28:13 UTC 2018
HOSTNAME
==================
mace2
==================
DATE
Fri Oct 26 20:34:33 UTC 2018
HOSTNAME
==================
mace1
==================
Fri Oct 26 21:09:57 UTC 2018
HOSTNAME
==================
edge
==================
DATE
Fri Oct 26 21:22:39 UTC 2018
HOSTNAME
==================
mace2
==================
DATE
Fri Oct 26 21:31:56 UTC 2018
HOSTNAME
==================
mace2
==================
Fri Oct 26 21:42:41 UTC 2018
HOSTNAME
==================
edge
==================
DATE
Fri Oct 26 22:10:43 UTC 2018
HOSTNAME
==================
mace1
==================
DATE
Fri Oct 26 22:14:07 UTC 2018
HOSTNAME
==================
mace1
==================
DATE
Fri Oct 26 22:23:24 UTC 2018
HOSTNAME
==================
mace2
==================
Fri Oct 26 22:29:52 UTC 2018
HOSTNAME
==================
edge
==================
DATE
Fri Oct 26 23:11:28 UTC 2018
HOSTNAME
==================
mace1
==================
DATE
Fri Oct 26 23:20:37 UTC 2018
HOSTNAME
==================
mace1
==================
DATE
Fri Oct 26 23:30:39 UTC 2018
HOSTNAME
==================
mace2
==================
DATE
Fri Oct 26 23:48:46 UTC 2018
HOSTNAME
==================
mace1
==================
Sat Oct 27 00:12:13 UTC 2018
HOSTNAME
==================
edge
==================
DATE
Sat Oct 27 00:18:35 UTC 2018
HOSTNAME
==================
mace1
==================
DATE
Sat Oct 27 00:37:35 UTC 2018
HOSTNAME
==================
mace2
==================
DATE
Sat Oct 27 00:53:04 UTC 2018
HOSTNAME
==================
mace1
==================
DATE
Sat Oct 27 01:13:00 UTC 2018
HOSTNAME
==================
mace1
==================
DATE
Sat Oct 27 01:28:29 UTC 2018
HOSTNAME
==================
mace1
==================
Sat Oct 27 01:44:47 UTC 2018
HOSTNAME
==================
edge
==================
DATE
Sat Oct 27 02:03:40 UTC 2018
HOSTNAME
==================
mace2
==================
DATE
Sat Oct 27 02:19:18 UTC 2018
HOSTNAME
==================
mace2
==================
DATE
Sat Oct 27 02:22:16 UTC 2018
HOSTNAME
==================
mace2
==================
DATE
Sat Oct 27 02:41:01 UTC 2018
HOSTNAME
==================
mace1
==================
DATE
Sat Oct 27 02:50:12 UTC 2018
HOSTNAME
==================
mace1
==================
DATE
Sat Oct 27 03:14:31 UTC 2018
HOSTNAME
==================
mace1
==================
DATE
Sat Oct 27 03:27:11 UTC 2018
HOSTNAME
==================
mace2
==================
DATE
Sat Oct 27 03:42:44 UTC 2018
HOSTNAME
==================
mace1
==================
DATE
Sat Oct 27 03:49:11 UTC 2018
HOSTNAME
==================
mace2
==================
DATE
Sat Oct 27 04:15:16 UTC 2018
HOSTNAME
==================
mace1
==================
DATE
Sat Oct 27 04:27:56 UTC 2018
HOSTNAME
==================
mace2
==================
Sat Oct 27 04:46:55 UTC 2018
HOSTNAME
==================
edge
==================
DATE
Sat Oct 27 04:56:06 UTC 2018
HOSTNAME
==================
mace1
==================
Sat Oct 27 05:16:01 UTC 2018
HOSTNAME
==================
edge
==================
DATE
Sat Oct 27 05:28:43 UTC 2018
HOSTNAME
==================
mace1
==================
DATE
Sat Oct 27 05:35:02 UTC 2018
HOSTNAME
==================
mace2
==================
DATE
Sat Oct 27 05:44:20 UTC 2018
HOSTNAME
==================
mace2
==================
DATE
Sat Oct 27 06:16:48 UTC 2018
HOSTNAME
==================
mace1
==================
DATE
Sat Oct 27 06:23:08 UTC 2018
HOSTNAME
==================
mace2
==================
DATE
Sat Oct 27 06:28:55 UTC 2018
HOSTNAME
==================
mace2
==================
DATE
Sat Oct 27 06:38:18 UTC 2018
HOSTNAME
==================
mace2
==================
Sat Oct 27 07:17:31 UTC 2018
HOSTNAME
==================
edge
==================
DATE
Sat Oct 27 07:22:28 UTC 2018
HOSTNAME
==================
edge
==================
DATE
Sat Oct 27 07:42:36 UTC 2018
HOSTNAME
==================
edge
==================
DATE
Sat Oct 27 07:56:22 UTC 2018
HOSTNAME
==================
edge
==================
DATE
Sat Oct 27 08:18:20 UTC 2018
HOSTNAME
==================
edge
==================
DATE
Sat Oct 27 08:25:46 UTC 2018
HOSTNAME
==================
edge
==================
DATE
Sat Oct 27 08:45:52 UTC 2018
HOSTNAME
==================
edge
==================
DATE
Sat Oct 27 09:02:42 UTC 2018
HOSTNAME
==================
mace2
==================
DATE
Sat Oct 27 09:19:06 UTC 2018
HOSTNAME
==================
mace1
==================
Sat Oct 27 09:24:20 UTC 2018
HOSTNAME
==================
edge
==================
DATE
Sat Oct 27 09:31:51 UTC 2018
HOSTNAME
==================
mace2
==================
Sat Oct 27 09:44:29 UTC 2018
HOSTNAME
==================
edge
==================
DATE
Sat Oct 27 10:19:52 UTC 2018
HOSTNAME
==================
mace1
==================
Sat Oct 27 10:26:10 UTC 2018
HOSTNAME
==================
edge
==================
DATE
Sat Oct 27 10:32:47 UTC 2018
HOSTNAME
==================
mace2
==================
DATE
Sat Oct 27 10:40:14 UTC 2018
HOSTNAME
==================
mace2
==================
Sat Oct 27 11:20:36 UTC 2018
HOSTNAME
==================
edge
==================
DATE
Sat Oct 27 11:34:22 UTC 2018
HOSTNAME
==================
edge
==================
DATE
Sat Oct 27 11:39:37 UTC 2018
HOSTNAME
==================
mace2
==================
DATE
Sat Oct 27 11:58:37 UTC 2018
HOSTNAME
==================
mace1
==================
Sat Oct 27 12:21:21 UTC 2018
HOSTNAME
==================
edge
==================
DATE
Sat Oct 27 12:27:43 UTC 2018
HOSTNAME
==================
mace1
==================
DATE
Sat Oct 27 12:34:36 UTC 2018
HOSTNAME
==================
mace1
==================
DATE
Sat Oct 27 12:43:54 UTC 2018
HOSTNAME
==================
mace1
==================
DATE
Sat Oct 27 13:22:07 UTC 2018
HOSTNAME
==================
mace1
==================
Sat Oct 27 13:28:26 UTC 2018
HOSTNAME
==================
edge
==================
DATE
Sat Oct 27 13:35:33 UTC 2018
HOSTNAME
==================
mace2
==================
DATE
Sat Oct 27 13:51:13 UTC 2018
HOSTNAME
==================
mace2
==================
DATE
Sat Oct 27 14:22:53 UTC 2018
HOSTNAME
==================
mfedhpc1.mfedhpc.int
==================
DATE
Sat Oct 27 14:28:59 UTC 2018
HOSTNAME
==================
mfedhpc1.mfedhpc.int
==================
DATE
Sat Oct 27 14:36:27 UTC 2018
HOSTNAME
==================
mace1
==================
DATE
Sat Oct 27 14:55:10 UTC 2018
HOSTNAME
==================
mace2
==================
DATE
Sat Oct 27 15:23:42 UTC 2018
HOSTNAME
==================
node1.acg-ern-poc
==================
DATE
Sat Oct 27 15:30:12 UTC 2018
HOSTNAME
==================
node3.acg-ern-poc
==================
DATE
Sat Oct 27 15:37:20 UTC 2018
HOSTNAME
==================
edge
==================
DATE
Sat Oct 27 15:44:59 UTC 2018
HOSTNAME
==================
mace2
==================
DATE
Sat Oct 27 16:24:23 UTC 2018
HOSTNAME
==================
mace1
==================
DATE
Sat Oct 27 16:30:52 UTC 2018
HOSTNAME
==================
mfedhpc1.mfedhpc.int
==================
DATE
Sat Oct 27 16:38:15 UTC 2018
HOSTNAME
==================
edge
==================
DATE
Sat Oct 27 16:45:55 UTC 2018
HOSTNAME
==================
mace1
==================
DATE
Sat Oct 27 17:25:07 UTC 2018
HOSTNAME
==================
mace1
==================
DATE
Sat Oct 27 17:31:46 UTC 2018
HOSTNAME
==================
mfedhpc1.mfedhpc.int
==================
DATE
Sat Oct 27 17:39:11 UTC 2018
HOSTNAME
==================
mace1
==================
DATE
Sat Oct 27 17:46:52 UTC 2018
HOSTNAME
==================
mfedhpc1.mfedhpc.int
==================
DATE
Sat Oct 27 18:25:51 UTC 2018
HOSTNAME
==================
edge
==================
DATE
Sat Oct 27 18:32:41 UTC 2018
HOSTNAME
==================
node1.acg-ern-poc
==================
DATE
Sat Oct 27 18:40:07 UTC 2018
HOSTNAME
==================
mfedhpc1.mfedhpc.int
==================
DATE
Sat Oct 27 18:47:51 UTC 2018
HOSTNAME
==================
mace1
==================
DATE
Sat Oct 27 19:26:37 UTC 2018
HOSTNAME
==================
mace1
==================
DATE
Sat Oct 27 19:33:36 UTC 2018
HOSTNAME
==================
node1.acg-ern-poc
==================
DATE
Sat Oct 27 19:41:02 UTC 2018
HOSTNAME
==================
node2.acg-ern-poc
==================
DATE
Sat Oct 27 19:48:46 UTC 2018
HOSTNAME
==================
edge
==================
DATE
Sat Oct 27 20:27:22 UTC 2018
HOSTNAME
==================
mace1
==================
DATE
Sat Oct 27 20:34:31 UTC 2018
HOSTNAME
==================
mace2
==================
Sat Oct 27 20:41:56 UTC 2018
HOSTNAME
==================
edge
==================
DATE
Sat Oct 27 20:49:45 UTC 2018
HOSTNAME
==================
node1.acg-ern-poc
==================
DATE
Sat Oct 27 21:28:08 UTC 2018
HOSTNAME
==================
node1.acg-ern-poc
==================
DATE
Sat Oct 27 21:35:26 UTC 2018
HOSTNAME
==================
edge
==================
DATE
Sat Oct 27 21:42:52 UTC 2018
HOSTNAME
==================
node2.acg-ern-poc
==================
DATE
Sat Oct 27 21:50:44 UTC 2018
HOSTNAME
==================
mace1
==================
DATE
Sat Oct 27 22:28:51 UTC 2018
HOSTNAME
==================
edge
==================
DATE
Sat Oct 27 22:36:22 UTC 2018
HOSTNAME
==================
mace1
==================
DATE
Sat Oct 27 22:43:47 UTC 2018
HOSTNAME
==================
mace1
==================
DATE
Sat Oct 27 22:51:41 UTC 2018
HOSTNAME
==================
node1.acg-ern-poc
==================
DATE
Sat Oct 27 23:46:06 UTC 2018
HOSTNAME
==================
mfedhpc1.mfedhpc.int
==================
DATE
Sat Oct 27 23:52:27 UTC 2018
HOSTNAME
==================
mfedhpc2.mfedhpc.int
==================
DATE
Sat Oct 27 23:55:11 UTC 2018
HOSTNAME
==================
mfedhpc2.mfedhpc.int
==================
DATE
Sun Oct 28 00:04:23 UTC 2018
HOSTNAME
==================
mfedhpc2.mfedhpc.int
==================
DATE
Sun Oct 28 00:30:23 UTC 2018
HOSTNAME
==================
mfedhpc1.mfedhpc.int
==================
DATE
Sun Oct 28 00:38:13 UTC 2018
HOSTNAME
==================
node1.acg-ern-poc
==================
DATE
Sun Oct 28 00:45:38 UTC 2018
HOSTNAME
==================
node2.acg-ern-poc
==================
DATE
Sun Oct 28 00:53:38 UTC 2018
HOSTNAME
==================
mfedhpc1.mfedhpc.int
==================
DATE
Sun Oct 28 01:31:07 UTC 2018
HOSTNAME
==================
node1.acg-ern-poc
==================
DATE
Sun Oct 28 01:39:10 UTC 2018
HOSTNAME
==================
mfedhpc1.mfedhpc.int
==================
DATE
Sun Oct 28 01:46:35 UTC 2018
HOSTNAME
==================
mace1
==================
DATE
Sun Oct 28 01:54:34 UTC 2018
HOSTNAME
==================
mfedhpc1.mfedhpc.int
==================
DATE
Sun Oct 28 02:31:53 UTC 2018
HOSTNAME
==================
node1.acg-ern-poc
==================
DATE
Sun Oct 28 02:40:04 UTC 2018
HOSTNAME
==================
mace1
==================
DATE
Sun Oct 28 02:47:31 UTC 2018
HOSTNAME
==================
mfedhpc1.mfedhpc.int
==================
DATE
Sun Oct 28 02:55:31 UTC 2018
HOSTNAME
==================
node1.acg-ern-poc
==================
DATE
Sun Oct 28 03:32:39 UTC 2018
HOSTNAME
==================
node1.acg-ern-poc
==================
DATE
Sun Oct 28 03:40:59 UTC 2018
HOSTNAME
==================
mace1
==================
DATE
Sun Oct 28 03:48:24 UTC 2018
HOSTNAME
==================
node2.acg-ern-poc
==================
DATE
Sun Oct 28 03:56:27 UTC 2018
HOSTNAME
==================
mace1
==================
DATE
Sun Oct 28 04:33:25 UTC 2018
HOSTNAME
==================
mfedhpc1.mfedhpc.int
==================
DATE
Sun Oct 28 04:41:55 UTC 2018
HOSTNAME
==================
mfedhpc1.mfedhpc.int
==================
DATE
Sun Oct 28 04:49:19 UTC 2018
HOSTNAME
==================
node1.acg-ern-poc
==================
DATE
Sun Oct 28 04:57:22 UTC 2018
HOSTNAME
==================
mace1
==================
DATE
Sun Oct 28 05:34:10 UTC 2018
HOSTNAME
==================
mace1
==================
DATE
Sun Oct 28 05:42:48 UTC 2018
HOSTNAME
==================
node1.acg-ern-poc
==================
DATE
Sun Oct 28 05:50:14 UTC 2018
HOSTNAME
==================
node2.acg-ern-poc
==================
DATE
Sun Oct 28 05:58:16 UTC 2018
HOSTNAME
==================
mfedhpc1.mfedhpc.int
==================
DATE
Sun Oct 28 06:34:55 UTC 2018
HOSTNAME
==================
node1.acg-ern-poc
==================
DATE
Sun Oct 28 06:43:43 UTC 2018
HOSTNAME
==================
mace1
==================
DATE
Sun Oct 28 06:51:08 UTC 2018
HOSTNAME
==================
mace1
==================
DATE
Sun Oct 28 06:59:10 UTC 2018
HOSTNAME
==================
mace1
==================
DATE
Sun Oct 28 07:35:42 UTC 2018
HOSTNAME
==================
mace1
==================
DATE
Sun Oct 28 07:44:37 UTC 2018
HOSTNAME
==================
mace1
==================
DATE
Sun Oct 28 07:52:02 UTC 2018
HOSTNAME
==================
mace1
==================
DATE
Sun Oct 28 08:00:04 UTC 2018
HOSTNAME
==================
node1.acg-ern-poc
==================
DATE
Sun Oct 28 08:36:28 UTC 2018
HOSTNAME
==================
mace1
==================
DATE
Sun Oct 28 08:45:31 UTC 2018
HOSTNAME
==================
mace1
==================
DATE
Sun Oct 28 08:52:59 UTC 2018
HOSTNAME
==================
mace2
==================
DATE
Sun Oct 28 09:00:59 UTC 2018
HOSTNAME
==================
node1.acg-ern-poc
==================
DATE
Sun Oct 28 09:37:13 UTC 2018
HOSTNAME
==================
node1.acg-ern-poc
==================
DATE
Sun Oct 28 09:46:25 UTC 2018
HOSTNAME
==================
node2.acg-ern-poc
==================
DATE
Sun Oct 28 09:53:53 UTC 2018
HOSTNAME
==================
node3.acg-ern-poc
==================
DATE
Sun Oct 28 10:01:54 UTC 2018
HOSTNAME
==================
mfedhpc1.mfedhpc.int
==================
DATE
Sun Oct 28 10:37:59 UTC 2018
HOSTNAME
==================
mace1
==================
DATE
Sun Oct 28 10:47:21 UTC 2018
HOSTNAME
==================
mfedhpc1.mfedhpc.int
==================
DATE
Sun Oct 28 10:54:48 UTC 2018
HOSTNAME
==================
node1.acg-ern-poc
==================
DATE
Sun Oct 28 11:02:49 UTC 2018
HOSTNAME
==================
mace1
==================
DATE
Sun Oct 28 11:38:43 UTC 2018
HOSTNAME
==================
mace1
==================
DATE
Sun Oct 28 11:48:15 UTC 2018
HOSTNAME
==================
mace1
==================
DATE
Sun Oct 28 11:55:42 UTC 2018
HOSTNAME
==================
mace1
==================
DATE
Sun Oct 28 12:03:43 UTC 2018
HOSTNAME
==================
mfedhpc1.mfedhpc.int
==================
DATE
Sun Oct 28 12:39:28 UTC 2018
HOSTNAME
==================
node1.acg-ern-poc
==================
DATE
Sun Oct 28 12:49:10 UTC 2018
HOSTNAME
==================
node2.acg-ern-poc
==================
DATE
Sun Oct 28 12:56:38 UTC 2018
HOSTNAME
==================
node3.acg-ern-poc
==================
DATE
Sun Oct 28 13:04:37 UTC 2018
HOSTNAME
==================
node1.acg-ern-poc
==================
DATE
Sun Oct 28 13:40:13 UTC 2018
HOSTNAME
==================
node1.acg-ern-poc
==================
DATE
Sun Oct 28 13:50:04 UTC 2018
HOSTNAME
==================
mace1
==================
DATE
Sun Oct 28 13:57:34 UTC 2018
HOSTNAME
==================
mfedhpc1.mfedhpc.int
==================
DATE
Sun Oct 28 14:05:32 UTC 2018
HOSTNAME
==================
mfedhpc1.mfedhpc.int
==================
DATE
Sun Oct 28 14:40:59 UTC 2018
HOSTNAME
==================
mace1
==================
DATE
Sun Oct 28 14:51:00 UTC 2018
HOSTNAME
==================
mfedhpc1.mfedhpc.int
==================
DATE
Sun Oct 28 14:58:28 UTC 2018
HOSTNAME
==================
mace1
==================
DATE
Sun Oct 28 15:06:26 UTC 2018
HOSTNAME
==================
mfedhpc1.mfedhpc.int
==================
DATE
Sun Oct 28 15:41:44 UTC 2018
HOSTNAME
==================
node1.acg-ern-poc
==================
DATE
Sun Oct 28 15:51:53 UTC 2018
HOSTNAME
==================
node2.acg-ern-poc
==================
DATE
Sun Oct 28 15:59:23 UTC 2018
HOSTNAME
==================
mace1
==================
DATE
Sun Oct 28 16:07:22 UTC 2018
HOSTNAME
==================
mfedhpc1.mfedhpc.int
==================
DATE
Sun Oct 28 16:42:29 UTC 2018
HOSTNAME
==================
node1.acg-ern-poc
==================
DATE
Sun Oct 28 16:52:49 UTC 2018
HOSTNAME
==================
mace1
==================
DATE
Sun Oct 28 17:00:19 UTC 2018
HOSTNAME
==================
mfedhpc1.mfedhpc.int
==================
DATE
Sun Oct 28 17:08:18 UTC 2018
HOSTNAME
==================
mace1
==================
DATE
Sun Oct 28 17:43:15 UTC 2018
HOSTNAME
==================
node1.acg-ern-poc
==================
DATE
Sun Oct 28 17:53:45 UTC 2018
HOSTNAME
==================
mfedhpc1.mfedhpc.int
==================
DATE
Sun Oct 28 18:01:14 UTC 2018
HOSTNAME
==================
mfedhpc1.mfedhpc.int
==================
DATE
Sun Oct 28 18:09:14 UTC 2018
HOSTNAME
==================
mfedhpc1.mfedhpc.int
==================
DATE
Sun Oct 28 18:43:59 UTC 2018
HOSTNAME
==================
mace1
==================
DATE
Sun Oct 28 18:54:39 UTC 2018
HOSTNAME
==================
mace1
==================
DATE
Sun Oct 28 19:02:08 UTC 2018
HOSTNAME
==================
node1.acg-ern-poc
==================
DATE
Sun Oct 28 19:10:11 UTC 2018
HOSTNAME
==================
node2.acg-ern-poc
==================
DATE
Sun Oct 28 19:44:44 UTC 2018
HOSTNAME
==================
mace1
==================
DATE
Sun Oct 28 19:55:35 UTC 2018
HOSTNAME
==================
mace1
==================
DATE
Sun Oct 28 20:03:03 UTC 2018
HOSTNAME
==================
mace1
==================
DATE
Sun Oct 28 20:11:10 UTC 2018
HOSTNAME
==================
node1.acg-ern-poc
==================
DATE
Sun Oct 28 20:45:29 UTC 2018
HOSTNAME
==================
node1.acg-ern-poc
==================
DATE
Sun Oct 28 20:56:30 UTC 2018
HOSTNAME
==================
mace1
==================
DATE
Sun Oct 28 21:03:59 UTC 2018
HOSTNAME
==================
node2.acg-ern-poc
==================
DATE
Sun Oct 28 21:12:06 UTC 2018
HOSTNAME
==================
mace1
==================
DATE
Sun Oct 28 21:46:14 UTC 2018
HOSTNAME
==================
node1.acg-ern-poc
==================
DATE
Sun Oct 28 21:57:25 UTC 2018
HOSTNAME
==================
node2.acg-ern-poc
==================
DATE
Sun Oct 28 22:04:54 UTC 2018
HOSTNAME
==================
mace1
==================
DATE
Sun Oct 28 22:13:02 UTC 2018
HOSTNAME
==================
node1.acg-ern-poc
==================
DATE
Sun Oct 28 22:46:59 UTC 2018
HOSTNAME
==================
mace1
==================
DATE
Sun Oct 28 22:58:20 UTC 2018
HOSTNAME
==================
mace1
==================
DATE
Sun Oct 28 23:05:50 UTC 2018
HOSTNAME
==================
mfedhpc1.mfedhpc.int
==================
DATE
Sun Oct 28 23:13:59 UTC 2018
HOSTNAME
==================
mfedhpc1.mfedhpc.int
==================
DATE
Sun Oct 28 23:47:44 UTC 2018
HOSTNAME
==================
mace1
==================
DATE
Sun Oct 28 23:59:18 UTC 2018
HOSTNAME
==================
mace1
==================
DATE
Mon Oct 29 00:06:45 UTC 2018
HOSTNAME
==================
mfedhpc1.mfedhpc.int
==================
DATE
Mon Oct 29 00:14:54 UTC 2018
HOSTNAME
==================
mace1
==================
DATE
Mon Oct 29 00:48:30 UTC 2018
HOSTNAME
==================
mace1
==================
DATE
Mon Oct 29 01:00:13 UTC 2018
HOSTNAME
==================
mfedhpc1.mfedhpc.int
==================
DATE
Mon Oct 29 01:07:40 UTC 2018
HOSTNAME
==================
node1.acg-ern-poc
==================
DATE
Mon Oct 29 01:15:53 UTC 2018
HOSTNAME
==================
node2.acg-ern-poc
==================
DATE
Mon Oct 29 01:49:15 UTC 2018
HOSTNAME
==================
mace1
==================
DATE
Mon Oct 29 02:01:08 UTC 2018
HOSTNAME
==================
mace1
==================
DATE
Mon Oct 29 02:08:35 UTC 2018
HOSTNAME
==================
mfedhpc1.mfedhpc.int
==================
DATE
Mon Oct 29 02:16:48 UTC 2018
HOSTNAME
==================
node1.acg-ern-poc
==================
DATE
Mon Oct 29 02:50:00 UTC 2018
HOSTNAME
==================
mace1
==================
DATE
Mon Oct 29 03:02:03 UTC 2018
HOSTNAME
==================
mace1
==================
DATE
Mon Oct 29 03:09:30 UTC 2018
HOSTNAME
==================
mace1
==================
DATE
Mon Oct 29 03:17:45 UTC 2018
HOSTNAME
==================
mace1
==================
DATE
Mon Oct 29 03:50:45 UTC 2018
HOSTNAME
==================
mace1
==================
DATE
Mon Oct 29 04:02:58 UTC 2018
HOSTNAME
==================
node1.acg-ern-poc
==================
DATE
Mon Oct 29 04:10:25 UTC 2018
HOSTNAME
==================
node2.acg-ern-poc
==================
DATE
Mon Oct 29 04:18:40 UTC 2018
HOSTNAME
==================
node3.acg-ern-poc
==================
DATE
Mon Oct 29 04:51:30 UTC 2018
HOSTNAME
==================
mace1
==================
DATE
Mon Oct 29 05:03:52 UTC 2018
HOSTNAME
==================
mace1
==================
DATE
Mon Oct 29 05:11:20 UTC 2018
HOSTNAME
==================
mfedhpc1.mfedhpc.int
==================
DATE
Mon Oct 29 05:19:35 UTC 2018
HOSTNAME
==================
node1.acg-ern-poc
==================
DATE
Mon Oct 29 05:52:16 UTC 2018
HOSTNAME
==================
mfedhpc1.mfedhpc.int
==================
DATE
Mon Oct 29 06:04:47 UTC 2018
HOSTNAME
==================
node1.acg-ern-poc
==================
DATE
Mon Oct 29 06:12:16 UTC 2018
HOSTNAME
==================
mfedhpc1.mfedhpc.int
==================
DATE
Mon Oct 29 06:20:30 UTC 2018
HOSTNAME
==================
mfedhpc1.mfedhpc.int
==================
DATE
Mon Oct 29 06:53:01 UTC 2018
HOSTNAME
==================
mace1
==================
DATE
Mon Oct 29 07:05:41 UTC 2018
HOSTNAME
==================
mace1
==================
DATE
Mon Oct 29 07:13:10 UTC 2018
HOSTNAME
==================
mace1
==================
DATE
Mon Oct 29 07:21:25 UTC 2018
HOSTNAME
==================
mfedhpc1.mfedhpc.int
==================
DATE
Mon Oct 29 07:53:46 UTC 2018
HOSTNAME
==================
mace1
==================
DATE
Mon Oct 29 08:06:37 UTC 2018
HOSTNAME
==================
mfedhpc1.mfedhpc.int
==================
DATE
Mon Oct 29 08:14:05 UTC 2018
HOSTNAME
==================
mfedhpc1.mfedhpc.int
==================
DATE
Mon Oct 29 08:22:19 UTC 2018
HOSTNAME
==================
node1.acg-ern-poc
==================
DATE
Mon Oct 29 08:54:31 UTC 2018
HOSTNAME
==================
node1.acg-ern-poc
==================
DATE
Mon Oct 29 09:07:31 UTC 2018
HOSTNAME
==================
mfedhpc1.mfedhpc.int
==================
DATE
Mon Oct 29 09:15:00 UTC 2018
HOSTNAME
==================
node1.acg-ern-poc
==================
DATE
Mon Oct 29 09:23:14 UTC 2018
HOSTNAME
==================
mace1
==================
DATE
Mon Oct 29 09:55:17 UTC 2018
HOSTNAME
==================
node1.acg-ern-poc
==================
DATE
Mon Oct 29 10:08:25 UTC 2018
HOSTNAME
==================
mace1
==================
DATE
Mon Oct 29 10:15:55 UTC 2018
HOSTNAME
==================
mace1
==================
DATE
Mon Oct 29 10:24:09 UTC 2018
HOSTNAME
==================
node1.acg-ern-poc
==================
DATE
Mon Oct 29 10:56:01 UTC 2018
HOSTNAME
==================
mace1
==================
DATE
Mon Oct 29 11:09:21 UTC 2018
HOSTNAME
==================
mfedhpc1.mfedhpc.int
==================
DATE
Mon Oct 29 11:16:49 UTC 2018
HOSTNAME
==================
node1.acg-ern-poc
==================
DATE
Mon Oct 29 11:25:04 UTC 2018
HOSTNAME
==================
mace1
==================
DATE
Mon Oct 29 11:56:47 UTC 2018
HOSTNAME
==================
mace1
==================
DATE
Mon Oct 29 12:29:41 UTC 2018
HOSTNAME
==================
node2.acg-ern-poc
==================
DATE
Mon Oct 29 12:30:41 UTC 2018
HOSTNAME
==================
mfedhpc1.mfedhpc.int
==================
DATE
Mon Oct 29 12:42:22 UTC 2018
HOSTNAME
==================
mace2
==================
DATE
Mon Oct 29 12:57:32 UTC 2018
HOSTNAME
==================
node1.acg-ern-poc
==================
DATE
Mon Oct 29 13:11:11 UTC 2018
HOSTNAME
==================
mfedhpc1.mfedhpc.int
==================
DATE
Mon Oct 29 13:18:39 UTC 2018
HOSTNAME
==================
mfedhpc2.mfedhpc.int
==================
DATE
Mon Oct 29 13:36:24 UTC 2018
HOSTNAME
==================
mfedhpc3.mfedhpc.int
==================
DATE
Mon Oct 29 13:58:18 UTC 2018
HOSTNAME
==================
mace1
==================
DATE
Mon Oct 29 14:17:09 UTC 2018
HOSTNAME
==================
mfedhpc2.mfedhpc.int
==================
DATE
Mon Oct 29 14:19:35 UTC 2018
HOSTNAME
==================
mfedhpc1.mfedhpc.int
==================
DATE
Mon Oct 29 14:27:48 UTC 2018
HOSTNAME
==================
mace1
==================
DATE
Mon Oct 29 14:59:03 UTC 2018
HOSTNAME
==================
mace1
==================
DATE
Mon Oct 29 15:16:08 UTC 2018
HOSTNAME
==================
node3.acg-ern-poc
==================
DATE
Mon Oct 29 15:22:49 UTC 2018
HOSTNAME
==================
mace2
==================
DATE
Mon Oct 29 15:28:55 UTC 2018
HOSTNAME
==================
mace1
==================
DATE
Mon Oct 29 15:59:48 UTC 2018
HOSTNAME
==================
node1.acg-ern-poc
==================
DATE
Mon Oct 29 16:20:23 UTC 2018
HOSTNAME
==================
mace1
==================
DATE
Mon Oct 29 16:21:26 UTC 2018
HOSTNAME
==================
node3.acg-ern-poc
==================
DATE
Mon Oct 29 16:29:42 UTC 2018
HOSTNAME
==================
node1.acg-ern-poc
==================
DATE
Mon Oct 29 17:00:33 UTC 2018
HOSTNAME
==================
mace1
==================
DATE
Mon Oct 29 17:17:36 UTC 2018
HOSTNAME
==================
mfedhpc3.mfedhpc.int
==================
DATE
Mon Oct 29 17:22:22 UTC 2018
HOSTNAME
==================
mace1
==================
DATE
Mon Oct 29 17:30:38 UTC 2018
HOSTNAME
==================
node1.acg-ern-poc
==================
DATE
Mon Oct 29 18:14:33 UTC 2018
HOSTNAME
==================
node1.acg-ern-poc
==================
DATE
Mon Oct 29 18:20:58 UTC 2018
HOSTNAME
==================
mfedhpc2.mfedhpc.int
==================
DATE
Mon Oct 29 18:41:12 UTC 2018
HOSTNAME
==================
mace2
==================
DATE
Mon Oct 29 18:41:50 UTC 2018
HOSTNAME
==================
mfedhpc3.mfedhpc.int
==================
DATE
Mon Oct 29 18:49:33 UTC 2018
HOSTNAME
==================
node1.acg-ern-poc
==================
DATE
Mon Oct 29 19:02:04 UTC 2018
HOSTNAME
==================
node2.acg-ern-poc
==================
DATE
Mon Oct 29 19:16:37 UTC 2018
HOSTNAME
==================
node1.acg-ern-poc
==================
DATE
Mon Oct 29 19:24:14 UTC 2018
HOSTNAME
==================
node2.acg-ern-poc
==================
DATE
Mon Oct 29 20:02:50 UTC 2018
HOSTNAME
==================
node1.acg-ern-poc
==================
DATE
Mon Oct 29 20:17:34 UTC 2018
HOSTNAME
==================
mfedhpc1.mfedhpc.int
==================
DATE
Mon Oct 29 20:25:09 UTC 2018
HOSTNAME
==================
node1.acg-ern-poc
==================
DATE
Mon Oct 29 21:03:35 UTC 2018
HOSTNAME
==================
mfedhpc1.mfedhpc.int
==================
DATE
Mon Oct 29 21:18:29 UTC 2018
HOSTNAME
==================
node1.acg-ern-poc
==================
DATE
Mon Oct 29 21:26:05 UTC 2018
HOSTNAME
==================
mfedhpc1.mfedhpc.int
==================
DATE
Mon Oct 29 22:04:19 UTC 2018
HOSTNAME
==================
node1.acg-ern-poc
==================
DATE
Mon Oct 29 22:19:25 UTC 2018
HOSTNAME
==================
node2.acg-ern-poc
==================
DATE
Mon Oct 29 22:27:00 UTC 2018
HOSTNAME
==================
node1.acg-ern-poc
==================
DATE
Mon Oct 29 23:05:04 UTC 2018
HOSTNAME
==================
node1.acg-ern-poc
==================
